23-Sep-2024 19:55:30.614 INFO [main] org.apache.catalina.core.ApplicationContext.log ContextListener: contextInitialized()
23-Sep-2024 19:55:30.614 INFO [main] org.apache.catalina.core.ApplicationContext.log SessionListener: contextInitialized()
23-Sep-2024 19:55:30.615 INFO [main] org.apache.catalina.core.ApplicationContext.log ContextListener: attributeAdded('StockTicker', 'async.Stockticker@3ec11999')
23-Sep-2024 19:56:39.628 INFO [main] org.apache.catalina.core.ApplicationContext.log SessionListener: contextDestroyed()
23-Sep-2024 19:56:39.628 INFO [main] org.apache.catalina.core.ApplicationContext.log ContextListener: contextDestroyed()
23-Sep-2024 19:56:44.436 INFO [main] org.apache.catalina.core.ApplicationContext.log ContextListener: contextInitialized()
23-Sep-2024 19:56:44.436 INFO [main] org.apache.catalina.core.ApplicationContext.log SessionListener: contextInitialized()
23-Sep-2024 19:56:44.436 INFO [main] org.apache.catalina.core.ApplicationContext.log ContextListener: attributeAdded('StockTicker', 'async.Stockticker@62923ee6')
23-Sep-2024 19:57:12.907 INFO [main] org.apache.catalina.core.ApplicationContext.log SessionListener: contextDestroyed()
23-Sep-2024 19:57:12.907 INFO [main] org.apache.catalina.core.ApplicationContext.log ContextListener: contextDestroyed()
23-Sep-2024 19:57:14.621 INFO [main] org.apache.catalina.core.ApplicationContext.log ContextListener: contextInitialized()
23-Sep-2024 19:57:14.621 INFO [main] org.apache.catalina.core.ApplicationContext.log SessionListener: contextInitialized()
23-Sep-2024 19:57:14.621 INFO [main] org.apache.catalina.core.ApplicationContext.log ContextListener: attributeAdded('StockTicker', 'async.Stockticker@7cbee484')
23-Sep-2024 20:09:47.746 INFO [main] org.apache.catalina.core.ApplicationContext.log SessionListener: contextDestroyed()
23-Sep-2024 20:09:47.746 INFO [main] org.apache.catalina.core.ApplicationContext.log ContextListener: contextDestroyed()
23-Sep-2024 20:09:56.235 INFO [main] org.apache.catalina.core.ApplicationContext.log ContextListener: contextInitialized()
23-Sep-2024 20:09:56.236 INFO [main] org.apache.catalina.core.ApplicationContext.log SessionListener: contextInitialized()
23-Sep-2024 20:09:56.236 INFO [main] org.apache.catalina.core.ApplicationContext.log ContextListener: attributeAdded('StockTicker', 'async.Stockticker@4b240276')
23-Sep-2024 20:24:42.274 INFO [main] org.apache.catalina.core.ApplicationContext.log ContextListener: contextInitialized()
23-Sep-2024 20:24:42.274 INFO [main] org.apache.catalina.core.ApplicationContext.log SessionListener: contextInitialized()
23-Sep-2024 20:24:42.275 INFO [main] org.apache.catalina.core.ApplicationContext.log ContextListener: attributeAdded('StockTicker', 'async.Stockticker@5f911d24')
23-Sep-2024 20:24:42.644 INFO [main] org.apache.catalina.core.ApplicationContext.log SessionListener: contextDestroyed()
23-Sep-2024 20:24:42.644 INFO [main] org.apache.catalina.core.ApplicationContext.log ContextListener: contextDestroyed()
